<?xml version="1.0" encoding="UTF-8"?>
<!-- Generated by org.testng.reporters.JUnitReportReporter -->
<testsuite hostname="kavi" failures="0" tests="1" name="testCases.UpdateProfile" time="19.467" errors="0" timestamp="2022-04-02T09:40:11 IST" skipped="0">
  <testcase classname="testCases.UpdateProfile" name="updateProfile" time="19.467"/>
  <system-out/>
</testsuite> <!-- testCases.UpdateProfile -->
