<?xml version="1.0" encoding="UTF-8"?>
<!-- Generated by org.testng.reporters.JUnitReportReporter -->
<testsuite hostname="kavi" failures="0" tests="1" name="testCases.LoginTest" time="16.719" errors="0" timestamp="2022-04-01T20:24:53 IST" skipped="0">
  <testcase classname="testCases.LoginTest" name="login" time="16.719"/>
  <system-out/>
</testsuite> <!-- testCases.LoginTest -->
