<?xml version="1.0" encoding="UTF-8"?>
<!-- Generated by org.testng.reporters.JUnitReportReporter -->
<testsuite hostname="kavi" failures="0" tests="1" name="pageFactoryWithoutAnnotaions.LoginWithoutFindby" time="16.688" errors="0" timestamp="2022-04-01T23:36:26 IST" skipped="0">
  <testcase classname="pageFactoryWithoutAnnotaions.LoginWithoutFindby" name="login" time="16.688"/>
  <system-out/>
</testsuite> <!-- pageFactoryWithoutAnnotaions.LoginWithoutFindby -->
