<?xml version="1.0" encoding="UTF-8"?>
<!-- Generated by org.testng.reporters.JUnitReportReporter -->
<testsuite hostname="kavi" failures="0" tests="1" name="testCases.LoginWithoutFindby" time="15.820" errors="0" timestamp="2022-04-01T21:07:00 IST" skipped="0">
  <testcase classname="testCases.LoginWithoutFindby" name="Login" time="15.820"/>
  <system-out/>
</testsuite> <!-- testCases.LoginWithoutFindby -->
